<?xml version="1.0" encoding="UTF-8"?>
<testng-results ignored="0" total="1" passed="1" failed="0" skipped="0">
  <reporter-output>
  </reporter-output>
  <suite started-at="2023-10-02T21:53:15 IST" name="Default suite" finished-at="2023-10-02T21:53:25 IST" duration-ms="10267">
    <groups>
    </groups>
    <test started-at="2023-10-02T21:53:15 IST" name="Default test" finished-at="2023-10-02T21:53:25 IST" duration-ms="10267">
      <class name="testCases.TestCase3">
        <test-method is-config="true" signature="startUp()[pri:0, instance:testCases.TestCase3@62379589]" started-at="2023-10-02T21:53:15 IST" name="startUp" finished-at="2023-10-02T21:53:17 IST" duration-ms="1868" status="PASS">
          <reporter-output>
          </reporter-output>
        </test-method> <!-- startUp -->
        <test-method signature="testDay3TestCase3()[pri:0, instance:testCases.TestCase3@62379589]" started-at="2023-10-02T21:53:17 IST" name="testDay3TestCase3" finished-at="2023-10-02T21:53:25 IST" duration-ms="8115" status="PASS">
          <reporter-output>
          </reporter-output>
        </test-method> <!-- testDay3TestCase3 -->
        <test-method is-config="true" signature="tearDown()[pri:0, instance:testCases.TestCase3@62379589]" started-at="2023-10-02T21:53:25 IST" name="tearDown" finished-at="2023-10-02T21:53:25 IST" duration-ms="252" status="PASS">
          <reporter-output>
          </reporter-output>
        </test-method> <!-- tearDown -->
      </class> <!-- testCases.TestCase3 -->
    </test> <!-- Default test -->
  </suite> <!-- Default suite -->
</testng-results>
